<?xml version="1.0" encoding="UTF-8"?>
<!-- Generated by org.testng.reporters.JUnitReportReporter -->
<testsuite hostname="DESKTOP-J00TEFL" failures="0" tests="1" name="cucumberOptions.TestRunner" time="29.883" errors="0" timestamp="8 Aug 2021 09:30:41 GMT">
  <testcase classname="cucumberOptions.TestRunner" name="feature" time="29.883"/>
</testsuite> <!-- cucumberOptions.TestRunner -->
